Using pre-set license
Built from '2020.3/staging' branch; Version is '2020.3.33f1 (915a7af8b0d5) revision 9525882'; Using compiler version '192528614'; Build Type 'Release'
OS: 'Windows 10  (10.0.19044) 64bit Professional' Language: 'en' Physical Memory: 65257 MB
BatchMode: 1, IsHumanControllingUs: 0, StartBugReporterOnCrash: 0, Is64bit: 1, IsPro: 0

COMMAND LINE ARGUMENTS:
C:\Program Files\Unity\Hub\Editor\2020.3.33f1\Editor\Unity.exe
-adb2
-batchMode
-noUpm
-name
AssetImportWorker0
-projectPath
D:/Projects/HL2_MRTK_Tutorial/HL2_MRTK_Intro
-logFile
Logs/AssetImportWorker0.log
-srvPort
64314
Successfully changed project path to: D:/Projects/HL2_MRTK_Tutorial/HL2_MRTK_Intro
D:/Projects/HL2_MRTK_Tutorial/HL2_MRTK_Intro
Using Asset Import Pipeline V2.
Refreshing native plugins compatible for Editor in 47.68 ms, found 10 plugins.
Preloading 0 native plugins for Editor in 0.00 ms.
Initialize engine version: 2020.3.33f1 (915a7af8b0d5)
[Subsystems] Discovering subsystems at path C:/Program Files/Unity/Hub/Editor/2020.3.33f1/Editor/Data/Resources/UnitySubsystems
[Subsystems] Discovering subsystems at path D:/Projects/HL2_MRTK_Tutorial/HL2_MRTK_Intro/Assets
GfxDevice: creating device client; threaded=0
Direct3D:
    Version:  Direct3D 11.0 [level 11.1]
    Renderer: NVIDIA GeForce RTX 3090 (ID=0x2204)
    Vendor:   
    VRAM:     24348 MB
    Driver:   30.0.15.1213
Initialize mono
Mono path[0] = 'C:/Program Files/Unity/Hub/Editor/2020.3.33f1/Editor/Data/Managed'
Mono path[1] = 'C:/Program Files/Unity/Hub/Editor/2020.3.33f1/Editor/Data/MonoBleedingEdge/lib/mono/unityjit'
Mono config path = 'C:/Program Files/Unity/Hub/Editor/2020.3.33f1/Editor/Data/MonoBleedingEdge/etc'
Using monoOptions --debugger-agent=transport=dt_socket,embedding=1,server=y,suspend=n,address=127.0.0.1:56592
Begin MonoManager ReloadAssembly
Registering precompiled unity dll's ...
Register platform support module: C:/Program Files/Unity/Hub/Editor/2020.3.33f1/Editor/Data/PlaybackEngines/MacStandaloneSupport/UnityEditor.OSXStandalone.Extensions.dll
Register platform support module: C:/Program Files/Unity/Hub/Editor/2020.3.33f1/Editor/Data/PlaybackEngines/WindowsStandaloneSupport/UnityEditor.WindowsStandalone.Extensions.dll
Registered in 0.002364 seconds.
Native extension for WindowsStandalone target not found
Native extension for OSXStandalone target not found
Refreshing native plugins compatible for Editor in 42.98 ms, found 10 plugins.
Preloading 0 native plugins for Editor in 0.00 ms.
Mono: successfully reloaded assembly
- Completed reload, in  0.412 seconds
Domain Reload Profiling:
	ReloadAssembly (412ms)
		BeginReloadAssembly (45ms)
			ExecutionOrderSort (0ms)
			DisableScriptedObjects (0ms)
			BackupInstance (0ms)
			ReleaseScriptingObjects (0ms)
			CreateAndSetChildDomain (1ms)
		EndReloadAssembly (318ms)
			LoadAssemblies (43ms)
			RebuildTransferFunctionScriptingTraits (0ms)
			SetupTypeCache (95ms)
			ReleaseScriptCaches (0ms)
			RebuildScriptCaches (20ms)
			SetupLoadedEditorAssemblies (128ms)
				LogAssemblyErrors (0ms)
				InitializePlatformSupportModulesInManaged (4ms)
				SetLoadedEditorAssemblies (0ms)
				RefreshPlugins (43ms)
				BeforeProcessingInitializeOnLoad (11ms)
				ProcessInitializeOnLoadAttributes (52ms)
				ProcessInitializeOnLoadMethodAttributes (17ms)
				AfterProcessingInitializeOnLoad (0ms)
				EditorAssembliesLoaded (0ms)
			ExecutionOrderSort2 (0ms)
			AwakeInstancesAfterBackupRestoration (0ms)
Platform modules already initialized, skipping
Registering precompiled user dll's ...
Registered in 0.003677 seconds.
Begin MonoManager ReloadAssembly
Native extension for WindowsStandalone target not found
Native extension for OSXStandalone target not found
Refreshing native plugins compatible for Editor in 41.81 ms, found 10 plugins.
Preloading 0 native plugins for Editor in 0.00 ms.
[XR] Error loading subsystem: Display (1) (header mismatch?)
[XR] [MROpenXR][Info   ][15:44:58.068051][tid:3c6c] MeshProvider_RegisterLifecycleProvider
[XR] [MROpenXR][Info   ][15:44:58.068121][tid:3c6c] InputProvider_RegisterLifeCycleProvider
[XR] [MROpenXR][Info   ][15:44:58.068846][tid:3c6c] OnPluginStarted UnityVersion=2020.3.33f1 OpenXRPluginVersion=1.4.1 MROpenXRPluginVersion=1.4.0.0 PartA_PrivTags=33554432
Mono: successfully reloaded assembly
- Completed reload, in  1.280 seconds
Domain Reload Profiling:
	ReloadAssembly (1281ms)
		BeginReloadAssembly (93ms)
			ExecutionOrderSort (0ms)
			DisableScriptedObjects (3ms)
			BackupInstance (0ms)
			ReleaseScriptingObjects (0ms)
			CreateAndSetChildDomain (13ms)
		EndReloadAssembly (1147ms)
			LoadAssemblies (71ms)
			RebuildTransferFunctionScriptingTraits (0ms)
			SetupTypeCache (194ms)
			ReleaseScriptCaches (0ms)
			RebuildScriptCaches (42ms)
			SetupLoadedEditorAssemblies (763ms)
				LogAssemblyErrors (0ms)
				InitializePlatformSupportModulesInManaged (3ms)
				SetLoadedEditorAssemblies (0ms)
				RefreshPlugins (42ms)
				BeforeProcessingInitializeOnLoad (71ms)
				ProcessInitializeOnLoadAttributes (536ms)
				ProcessInitializeOnLoadMethodAttributes (107ms)
				AfterProcessingInitializeOnLoad (4ms)
				EditorAssembliesLoaded (0ms)
			ExecutionOrderSort2 (0ms)
			AwakeInstancesAfterBackupRestoration (4ms)
Platform modules already initialized, skipping
========================================================================
Worker process is ready to serve import requests
Launched and connected shader compiler UnityShaderCompiler.exe after 0.15 seconds
Refreshing native plugins compatible for Editor in 0.72 ms, found 10 plugins.
Preloading 0 native plugins for Editor in 0.00 ms.
Unloading 3552 Unused Serialized files (Serialized files now loaded: 0)
System memory in use before: 137.5 MB.
System memory in use after: 137.7 MB.

Unloading 40 unused Assets to reduce memory usage. Loaded Objects now: 4015.
Total: 2.640500 ms (FindLiveObjects: 0.188100 ms CreateObjectMapping: 0.093100 ms MarkObjects: 2.251000 ms  DeleteObjects: 0.107800 ms)

AssetImportParameters requested are different than current active one (requested -> active):
  custom:framework-win-MediaFoundation: 216162199b28c13a410421893ffa2e32 -> 
  custom:video-decoder-ogg-theora: a1e56fd34408186e4bbccfd4996cb3dc -> 
  custom:container-muxer-webm: aa71ff27fc2769a1b78a27578f13a17b -> 
  custom:container-demuxer-webm: 4f35f7cbe854078d1ac9338744f61a02 -> 
  custom:container-demuxer-ogg: 62fdf1f143b41e24485cea50d1cbac27 -> 
  custom:video-encoder-webm-vp8: eb34c28f22e8b96e1ab97ce403110664 -> 
  custom:video-codec-MediaFoundation-h265: 746d11721c4dcdbdad8f713fa42b33f4 -> 
  custom:video-decoder-webm-vp8: 9c59270c3fd7afecdb556c50c9e8de78 -> 
  custom:audio-decoder-ogg-vorbis: bf7c407c2cedff20999df2af8eb42d56 -> 
  custom:audio-encoder-webm-vorbis: bf7c407c2cedff20999df2af8eb42d56 -> 
========================================================================
Received Import Request.
  path: Assets/MRTK.Tutorials.GettingStarted/Prefabs/PressableRoundButton.prefab
  artifactKey: Guid(e157d31e347240046bc22a96e5cc32be) Importer(815301076,1909f56bfc062723c751e8b465ee728b)
Start importing Assets/MRTK.Tutorials.GettingStarted/Prefabs/PressableRoundButton.prefab using Guid(e157d31e347240046bc22a96e5cc32be) Importer(815301076,1909f56bfc062723c751e8b465ee728b)  -> (artifact id: '2b6dd7fbedc07eabcb05c595ecbaa4c3') in 0.411479 seconds 
========================================================================
Received Import Request.
  Time since last request: 0.000280 seconds.
  path: Assets/MRTK.Tutorials.GettingStarted/Prefabs/RoverAssembly.prefab
  artifactKey: Guid(00d62673906fb0c4cb62b4cfec8e04cf) Importer(815301076,1909f56bfc062723c751e8b465ee728b)
Start importing Assets/MRTK.Tutorials.GettingStarted/Prefabs/RoverAssembly.prefab using Guid(00d62673906fb0c4cb62b4cfec8e04cf) Importer(815301076,1909f56bfc062723c751e8b465ee728b)  -> (artifact id: '3acabc39fdb9cfa8c827a609442ecec0') in 0.157002 seconds 
========================================================================
Received Import Request.
  Time since last request: 0.000285 seconds.
  path: Assets/MRTK.Tutorials.GettingStarted/Prefabs/Chevron.prefab
  artifactKey: Guid(eb65bb040d2dce144a90d568ed97f32a) Importer(815301076,1909f56bfc062723c751e8b465ee728b)
Start importing Assets/MRTK.Tutorials.GettingStarted/Prefabs/Chevron.prefab using Guid(eb65bb040d2dce144a90d568ed97f32a) Importer(815301076,1909f56bfc062723c751e8b465ee728b)  -> (artifact id: '57fa365cf55dc5eecf532a7bf7f01fc2') in 0.111000 seconds 
========================================================================
Received Import Request.
  Time since last request: 0.000293 seconds.
  path: Assets/MRTK.Tutorials.GettingStarted/Prefabs/Table.prefab
  artifactKey: Guid(ad8dde9b887f5774d95a09aef04f5f45) Importer(815301076,1909f56bfc062723c751e8b465ee728b)
Start importing Assets/MRTK.Tutorials.GettingStarted/Prefabs/Table.prefab using Guid(ad8dde9b887f5774d95a09aef04f5f45) Importer(815301076,1909f56bfc062723c751e8b465ee728b)  -> (artifact id: '52320f430bd65c7a6c51fc1593099e52') in 0.042529 seconds 
========================================================================
Received Import Request.
  Time since last request: 0.000408 seconds.
  path: Assets/MRTK.Tutorials.GettingStarted/Prefabs/Cube.prefab
  artifactKey: Guid(fb1b600dc94c3954099cc101e25ee744) Importer(815301076,1909f56bfc062723c751e8b465ee728b)
Start importing Assets/MRTK.Tutorials.GettingStarted/Prefabs/Cube.prefab using Guid(fb1b600dc94c3954099cc101e25ee744) Importer(815301076,1909f56bfc062723c751e8b465ee728b)  -> (artifact id: '20bf1e6a0b8eabc6b709431a38889381') in 0.014535 seconds 
========================================================================
Received Import Request.
  Time since last request: 0.000307 seconds.
  path: Assets/MRTK.Tutorials.GettingStarted/Prefabs
  artifactKey: Guid(77a8c08c881deef4cbddb8b9011997a4) Importer(815301076,1909f56bfc062723c751e8b465ee728b)
Start importing Assets/MRTK.Tutorials.GettingStarted/Prefabs using Guid(77a8c08c881deef4cbddb8b9011997a4) Importer(815301076,1909f56bfc062723c751e8b465ee728b)  -> (artifact id: 'eea571543ed3a8cbaa21b2ff1bb2bc3f') in 0.004261 seconds 
========================================================================
Received Import Request.
  Time since last request: 3576.008053 seconds.
  path: Packages/com.microsoft.mixedreality.toolkit.foundation/package.json
  artifactKey: Guid(07675bcd31d98194486b2fea188bcc6b) Importer(815301076,1909f56bfc062723c751e8b465ee728b)
Start importing Packages/com.microsoft.mixedreality.toolkit.foundation/package.json using Guid(07675bcd31d98194486b2fea188bcc6b) Importer(815301076,1909f56bfc062723c751e8b465ee728b)  -> (artifact id: '0af955ff9b76574fa09154be410be969') in 0.454674 seconds 
========================================================================
Received Import Request.
  Time since last request: 3.026384 seconds.
  path: Packages/com.microsoft.mixedreality.toolkit.foundation/SDK
  artifactKey: Guid(3757e34bc1fa460892b4e2bc9fd47e1e) Importer(815301076,1909f56bfc062723c751e8b465ee728b)
Start importing Packages/com.microsoft.mixedreality.toolkit.foundation/SDK using Guid(3757e34bc1fa460892b4e2bc9fd47e1e) Importer(815301076,1909f56bfc062723c751e8b465ee728b)  -> (artifact id: '2f78216cfcad7023e41703b89a86d319') in 0.005613 seconds 
========================================================================
Received Import Request.
  Time since last request: 7.624961 seconds.
  path: Packages/com.microsoft.mixedreality.toolkit.foundation/SDK/MRTK.SDK.asmdef
  artifactKey: Guid(8b7cc3e86d77403b8b984c08cbaeaf8f) Importer(815301076,1909f56bfc062723c751e8b465ee728b)
Start importing Packages/com.microsoft.mixedreality.toolkit.foundation/SDK/MRTK.SDK.asmdef using Guid(8b7cc3e86d77403b8b984c08cbaeaf8f) Importer(815301076,1909f56bfc062723c751e8b465ee728b)  -> (artifact id: 'f5c2288bc4957960342c8c655834e0c8') in 0.006738 seconds 
========================================================================
Received Import Request.
  Time since last request: 2.802765 seconds.
  path: Packages/com.microsoft.mixedreality.toolkit.foundation/SDK/Features
  artifactKey: Guid(25bdfaac8e9b4a0d8f341b415322f1c0) Importer(815301076,1909f56bfc062723c751e8b465ee728b)
Start importing Packages/com.microsoft.mixedreality.toolkit.foundation/SDK/Features using Guid(25bdfaac8e9b4a0d8f341b415322f1c0) Importer(815301076,1909f56bfc062723c751e8b465ee728b)  -> (artifact id: '7231511082d31f339c3a6590e0aa1b54') in 0.015826 seconds 
========================================================================
Received Import Request.
  Time since last request: 0.883252 seconds.
  path: Packages/com.microsoft.mixedreality.toolkit.foundation/SDK/Features/Utilities
  artifactKey: Guid(379bc347e596b4f499d54cf3962103a5) Importer(815301076,1909f56bfc062723c751e8b465ee728b)
Start importing Packages/com.microsoft.mixedreality.toolkit.foundation/SDK/Features/Utilities using Guid(379bc347e596b4f499d54cf3962103a5) Importer(815301076,1909f56bfc062723c751e8b465ee728b)  -> (artifact id: 'c8cc2848cfe8fdbe97d96ec796d51e44') in 0.005612 seconds 
========================================================================
Received Import Request.
  Time since last request: 1.371679 seconds.
  path: Packages/com.microsoft.mixedreality.toolkit.foundation/SDK/Features/Utilities/Solvers
  artifactKey: Guid(bf911e742e0f481a83451a15b869d717) Importer(815301076,1909f56bfc062723c751e8b465ee728b)
Start importing Packages/com.microsoft.mixedreality.toolkit.foundation/SDK/Features/Utilities/Solvers using Guid(bf911e742e0f481a83451a15b869d717) Importer(815301076,1909f56bfc062723c751e8b465ee728b)  -> (artifact id: 'acdf942d0b37149c7c43113b79e7478d') in 0.005657 seconds 
========================================================================
Received Prepare
Registering precompiled user dll's ...
Registered in 0.003709 seconds.
Begin MonoManager ReloadAssembly
Native extension for WindowsStandalone target not found
Native extension for OSXStandalone target not found
Refreshing native plugins compatible for Editor in 0.73 ms, found 10 plugins.
Preloading 0 native plugins for Editor in 0.00 ms.
Error when attempting to update scene info fields. Scene info data may be stale.
UnityEngine.StackTraceUtility:ExtractStackTrace ()
UnityEngine.DebugLogHandler:LogFormat (UnityEngine.LogType,UnityEngine.Object,string,object[])
UnityEngine.Logger:Log (UnityEngine.LogType,object)
UnityEngine.Debug:LogWarning (object)
Microsoft.MixedReality.Toolkit.Editor.SceneInfoUtils:RefreshSceneInfoFieldsInScriptableObjects () (at Library/PackageCache/com.microsoft.mixedreality.toolkit.foundation@3bad99c89252/Core/Inspectors/PropertyDrawers/SceneInfoUtils.cs:313)
Microsoft.MixedReality.Toolkit.Editor.SceneInfoUtils:InitializeOnLoad () (at Library/PackageCache/com.microsoft.mixedreality.toolkit.foundation@3bad99c89252/Core/Inspectors/PropertyDrawers/SceneInfoUtils.cs:231)
System.Reflection.MonoMethod:Invoke (object,System.Reflection.BindingFlags,System.Reflection.Binder,object[],System.Globalization.CultureInfo)
System.Reflection.MethodBase:Invoke (object,object[])
UnityEditor.EditorAssemblies:ProcessInitializeOnLoadMethodAttributes ()

(Filename: Library/PackageCache/com.microsoft.mixedreality.toolkit.foundation@3bad99c89252/Core/Inspectors/PropertyDrawers/SceneInfoUtils.cs Line: 313)

Mono: successfully reloaded assembly
- Completed reload, in  1.246 seconds
Domain Reload Profiling:
	ReloadAssembly (1246ms)
		BeginReloadAssembly (106ms)
			ExecutionOrderSort (0ms)
			DisableScriptedObjects (3ms)
			BackupInstance (0ms)
			ReleaseScriptingObjects (0ms)
			CreateAndSetChildDomain (36ms)
		EndReloadAssembly (1095ms)
			LoadAssemblies (82ms)
			RebuildTransferFunctionScriptingTraits (0ms)
			SetupTypeCache (230ms)
			ReleaseScriptCaches (1ms)
			RebuildScriptCaches (30ms)
			SetupLoadedEditorAssemblies (656ms)
				LogAssemblyErrors (0ms)
				InitializePlatformSupportModulesInManaged (3ms)
				SetLoadedEditorAssemblies (0ms)
				RefreshPlugins (1ms)
				BeforeProcessingInitializeOnLoad (71ms)
				ProcessInitializeOnLoadAttributes (483ms)
				ProcessInitializeOnLoadMethodAttributes (93ms)
				AfterProcessingInitializeOnLoad (4ms)
				EditorAssembliesLoaded (0ms)
			ExecutionOrderSort2 (0ms)
			AwakeInstancesAfterBackupRestoration (8ms)
Platform modules already initialized, skipping
Switching build target platform(19) subTarget(0) extendedPlatform(0) -> platform(21) subTarget(3) extendedPlatform(0)
Refreshing native plugins compatible for Editor in 0.69 ms, found 10 plugins.
Preloading 0 native plugins for Editor in 0.00 ms.
Unloading 3518 Unused Serialized files (Serialized files now loaded: 0)
System memory in use before: 139.6 MB.
System memory in use after: 139.8 MB.

Unloading 33 unused Assets to reduce memory usage. Loaded Objects now: 4028.
Total: 2.771100 ms (FindLiveObjects: 0.199700 ms CreateObjectMapping: 0.101300 ms MarkObjects: 2.409900 ms  DeleteObjects: 0.059300 ms)

AssetImportParameters requested are different than current active one (requested -> active):
  custom:framework-win-MediaFoundation: 216162199b28c13a410421893ffa2e32 -> 
  custom:video-decoder-ogg-theora: a1e56fd34408186e4bbccfd4996cb3dc -> 
  custom:container-muxer-webm: aa71ff27fc2769a1b78a27578f13a17b -> 
  custom:container-demuxer-webm: 4f35f7cbe854078d1ac9338744f61a02 -> 
  custom:container-demuxer-ogg: 62fdf1f143b41e24485cea50d1cbac27 -> 
  custom:video-encoder-webm-vp8: eb34c28f22e8b96e1ab97ce403110664 -> 
  custom:video-codec-MediaFoundation-h265: 746d11721c4dcdbdad8f713fa42b33f4 -> 
  custom:video-decoder-webm-vp8: 9c59270c3fd7afecdb556c50c9e8de78 -> 
  custom:audio-decoder-ogg-vorbis: bf7c407c2cedff20999df2af8eb42d56 -> 
  custom:audio-encoder-webm-vorbis: bf7c407c2cedff20999df2af8eb42d56 -> 
========================================================================
Received Import Request.
  Time since last request: 319.085516 seconds.
  path: Assets/MRTK.Tutorials.GettingStarted/Textures/5.png
  artifactKey: Guid(3a203b931b1b1ef4f8fedcf179dac304) Importer(815301076,1909f56bfc062723c751e8b465ee728b)
Start importing Assets/MRTK.Tutorials.GettingStarted/Textures/5.png using Guid(3a203b931b1b1ef4f8fedcf179dac304) Importer(815301076,1909f56bfc062723c751e8b465ee728b)  -> (artifact id: 'c74a235a5b690d2a280f7e7bf181acf8') in 0.068944 seconds 
========================================================================
Received Import Request.
  Time since last request: 0.000225 seconds.
  path: Assets/MRTK.Tutorials.GettingStarted/Materials/8.mat
  artifactKey: Guid(bc50df427b3cb4b48931176cb316d8ab) Importer(815301076,1909f56bfc062723c751e8b465ee728b)
Start importing Assets/MRTK.Tutorials.GettingStarted/Materials/8.mat using Guid(bc50df427b3cb4b48931176cb316d8ab) Importer(815301076,1909f56bfc062723c751e8b465ee728b)  -> (artifact id: '96cb13d830ca0a57642dda9f5bbfa05b') in 0.033518 seconds 
========================================================================
Received Import Request.
  Time since last request: 0.000240 seconds.
  path: Assets/MRTK.Tutorials.GettingStarted/Materials/5.mat
  artifactKey: Guid(b62873551dfeef943be6324c304cd0ab) Importer(815301076,1909f56bfc062723c751e8b465ee728b)
Start importing Assets/MRTK.Tutorials.GettingStarted/Materials/5.mat using Guid(b62873551dfeef943be6324c304cd0ab) Importer(815301076,1909f56bfc062723c751e8b465ee728b)  -> (artifact id: 'ac6a3820f8cbd587a5d8292758ca2609') in 0.012565 seconds 
========================================================================
Received Import Request.
  Time since last request: 0.000242 seconds.
  path: Assets/MRTK.Tutorials.GettingStarted/Materials/9.mat
  artifactKey: Guid(0b03c720042dbe146afee09a803c4c9b) Importer(815301076,1909f56bfc062723c751e8b465ee728b)
Start importing Assets/MRTK.Tutorials.GettingStarted/Materials/9.mat using Guid(0b03c720042dbe146afee09a803c4c9b) Importer(815301076,1909f56bfc062723c751e8b465ee728b)  -> (artifact id: '5c68c19120b3c10f18d05d0bd9fef3f1') in 0.012941 seconds 
========================================================================
Received Import Request.
  Time since last request: 0.000206 seconds.
  path: Assets/MRTK.Tutorials.GettingStarted/Textures/10.png
  artifactKey: Guid(573b894ed1c2fc44ea2541ee5b8a57ad) Importer(815301076,1909f56bfc062723c751e8b465ee728b)
Start importing Assets/MRTK.Tutorials.GettingStarted/Textures/10.png using Guid(573b894ed1c2fc44ea2541ee5b8a57ad) Importer(815301076,1909f56bfc062723c751e8b465ee728b)  -> (artifact id: 'b38309f959fcec72e9115b9ec361426e') in 0.013086 seconds 
========================================================================
Received Import Request.
  Time since last request: 0.000270 seconds.
  path: Assets/MRTK.Tutorials.GettingStarted/Materials/6.mat
  artifactKey: Guid(bfc246c5506b90144bf15735519c217c) Importer(815301076,1909f56bfc062723c751e8b465ee728b)
Start importing Assets/MRTK.Tutorials.GettingStarted/Materials/6.mat using Guid(bfc246c5506b90144bf15735519c217c) Importer(815301076,1909f56bfc062723c751e8b465ee728b)  -> (artifact id: 'f8bc71ed7c3d8ebf3f34c1f84fc23521') in 0.012984 seconds 
========================================================================
Received Import Request.
  Time since last request: 0.000256 seconds.
  path: Assets/MRTK.Tutorials.GettingStarted/Models/MarsCuriosityRover_Modified.fbx
  artifactKey: Guid(793066ba8951d074bb883f1b56614842) Importer(815301076,1909f56bfc062723c751e8b465ee728b)
Start importing Assets/MRTK.Tutorials.GettingStarted/Models/MarsCuriosityRover_Modified.fbx using Guid(793066ba8951d074bb883f1b56614842) Importer(815301076,1909f56bfc062723c751e8b465ee728b)  -> (artifact id: 'd7ad1dc7981d5303628d55f0ccbcc9a0') in 0.297658 seconds 
========================================================================
Received Import Request.
  Time since last request: 0.000238 seconds.
  path: Assets/MRTK.Tutorials.GettingStarted/Textures/7.png
  artifactKey: Guid(63df0e3a2395a334baf386aeb665335d) Importer(815301076,1909f56bfc062723c751e8b465ee728b)
Start importing Assets/MRTK.Tutorials.GettingStarted/Textures/7.png using Guid(63df0e3a2395a334baf386aeb665335d) Importer(815301076,1909f56bfc062723c751e8b465ee728b)  -> (artifact id: '63be9037e08cb69188010f19e73e2d08') in 0.013832 seconds 
========================================================================
Received Import Request.
  Time since last request: 0.000253 seconds.
  path: Assets/MRTK.Tutorials.GettingStarted/Textures/9.png
  artifactKey: Guid(9aca6013df8837448bc14e4b117cb609) Importer(815301076,1909f56bfc062723c751e8b465ee728b)
Start importing Assets/MRTK.Tutorials.GettingStarted/Textures/9.png using Guid(9aca6013df8837448bc14e4b117cb609) Importer(815301076,1909f56bfc062723c751e8b465ee728b)  -> (artifact id: '4bb3e91899be740921e657a10709b6bf') in 0.012716 seconds 
========================================================================
Received Import Request.
  Time since last request: 0.000322 seconds.
  path: Assets/XR/Settings/OpenXR Package Settings.asset
  artifactKey: Guid(1652b40e51ea6724498dfd0ef9233286) Importer(815301076,1909f56bfc062723c751e8b465ee728b)
Start importing Assets/XR/Settings/OpenXR Package Settings.asset using Guid(1652b40e51ea6724498dfd0ef9233286) Importer(815301076,1909f56bfc062723c751e8b465ee728b)  -> (artifact id: '75a33519bff737580338aee112d30bad') in 0.009216 seconds 
========================================================================
Received Import Request.
  Time since last request: 0.000296 seconds.
  path: Assets/MRTK.Tutorials.GettingStarted/Textures/6.png
  artifactKey: Guid(3a3b17c9ed7c80c459e267bea86883a2) Importer(815301076,1909f56bfc062723c751e8b465ee728b)
Start importing Assets/MRTK.Tutorials.GettingStarted/Textures/6.png using Guid(3a3b17c9ed7c80c459e267bea86883a2) Importer(815301076,1909f56bfc062723c751e8b465ee728b)  -> (artifact id: '048fee83b376071da237be86f442d23e') in 0.011077 seconds 
========================================================================
Received Import Request.
  Time since last request: 0.000272 seconds.
  path: Assets/MRTK.Tutorials.GettingStarted/Textures/8.png
  artifactKey: Guid(1555559c1bef31644a62e9c2aa236c2b) Importer(815301076,1909f56bfc062723c751e8b465ee728b)
Start importing Assets/MRTK.Tutorials.GettingStarted/Textures/8.png using Guid(1555559c1bef31644a62e9c2aa236c2b) Importer(815301076,1909f56bfc062723c751e8b465ee728b)  -> (artifact id: '177c3bf121bde826a6a12edef69fdaca') in 0.009813 seconds 
========================================================================
Received Import Request.
  Time since last request: 0.000275 seconds.
  path: Assets/MRTK.Tutorials.GettingStarted/Materials/7.mat
  artifactKey: Guid(0393ac2b971eddd4785463e9f09c243c) Importer(815301076,1909f56bfc062723c751e8b465ee728b)
Start importing Assets/MRTK.Tutorials.GettingStarted/Materials/7.mat using Guid(0393ac2b971eddd4785463e9f09c243c) Importer(815301076,1909f56bfc062723c751e8b465ee728b)  -> (artifact id: 'e63e015c78ee7e06cdfb8cdba124e652') in 0.011150 seconds 
========================================================================
Received Import Request.
  Time since last request: 0.000259 seconds.
  path: Assets/MRTK.Tutorials.GettingStarted/Materials/10.mat
  artifactKey: Guid(1c8a9561fb418d140bd508ccf24fe2a5) Importer(815301076,1909f56bfc062723c751e8b465ee728b)
Start importing Assets/MRTK.Tutorials.GettingStarted/Materials/10.mat using Guid(1c8a9561fb418d140bd508ccf24fe2a5) Importer(815301076,1909f56bfc062723c751e8b465ee728b)  -> (artifact id: 'f4729c2c9fbca4ef6e67e5363ab28de1') in 0.011324 seconds 
========================================================================
Received Import Request.
  Time since last request: 32.665337 seconds.
  path: Assets/MRTK.Tutorials.GettingStarted/Prefabs/Rover/RoverExplorer_Complete.prefab
  artifactKey: Guid(1817c36b870c0644dbafd663cfd6f718) Importer(815301076,1909f56bfc062723c751e8b465ee728b)
Start importing Assets/MRTK.Tutorials.GettingStarted/Prefabs/Rover/RoverExplorer_Complete.prefab using Guid(1817c36b870c0644dbafd663cfd6f718) Importer(815301076,1909f56bfc062723c751e8b465ee728b)  -> (artifact id: 'db90f55621c76f8c06a00d33614d784f') in 0.116300 seconds 
========================================================================
Received Import Request.
  Time since last request: 0.000303 seconds.
  path: Assets/MRTK.Tutorials.GettingStarted/Prefabs/Rover/RoverModel_PlacementHints.prefab
  artifactKey: Guid(a7ce9ce90fc3a62409122863fdf993a3) Importer(815301076,1909f56bfc062723c751e8b465ee728b)
Start importing Assets/MRTK.Tutorials.GettingStarted/Prefabs/Rover/RoverModel_PlacementHints.prefab using Guid(a7ce9ce90fc3a62409122863fdf993a3) Importer(815301076,1909f56bfc062723c751e8b465ee728b)  -> (artifact id: 'e1764cdc0c8f43157544669d47b3fa3e') in 0.022480 seconds 
========================================================================
Received Import Request.
  Time since last request: 0.000214 seconds.
  path: Assets/MRTK.Tutorials.GettingStarted/Prefabs/Rover/RoverModel.prefab
  artifactKey: Guid(30aef4503b52ca84c915dd88d8cf45ad) Importer(815301076,1909f56bfc062723c751e8b465ee728b)
Start importing Assets/MRTK.Tutorials.GettingStarted/Prefabs/Rover/RoverModel.prefab using Guid(30aef4503b52ca84c915dd88d8cf45ad) Importer(815301076,1909f56bfc062723c751e8b465ee728b)  -> (artifact id: 'c4ac905cfe1333d66933aec450c2a557') in 0.022755 seconds 
========================================================================
Received Import Request.
  Time since last request: 0.000308 seconds.
  path: Assets/MRTK.Tutorials.GettingStarted/Prefabs/Rover/RoverModel_PlacementHints_XRay.prefab
  artifactKey: Guid(9046aa1e5adbe974797ec7cdb48be362) Importer(815301076,1909f56bfc062723c751e8b465ee728b)
Start importing Assets/MRTK.Tutorials.GettingStarted/Prefabs/Rover/RoverModel_PlacementHints_XRay.prefab using Guid(9046aa1e5adbe974797ec7cdb48be362) Importer(815301076,1909f56bfc062723c751e8b465ee728b)  -> (artifact id: 'a3ea58226d87caf5cb49b671625a131c') in 0.017398 seconds 
========================================================================
Received Import Request.
  Time since last request: 0.000216 seconds.
  path: Assets/MRTK.Tutorials.GettingStarted/Prefabs/Rover/RoverModel_Exploded.prefab
  artifactKey: Guid(ed8f684e0e6290749843cd98799f1679) Importer(815301076,1909f56bfc062723c751e8b465ee728b)
Start importing Assets/MRTK.Tutorials.GettingStarted/Prefabs/Rover/RoverModel_Exploded.prefab using Guid(ed8f684e0e6290749843cd98799f1679) Importer(815301076,1909f56bfc062723c751e8b465ee728b)  -> (artifact id: 'e977055bf0f82a4955eba56557cf287f') in 0.022136 seconds 
========================================================================
Received Import Request.
  Time since last request: 1.255886 seconds.
  path: Assets/MixedRealityToolkit.Generated/ProjectPreferences.asset
  artifactKey: Guid(8de1cc0eb3f34ad4084d25c46e43f439) Importer(815301076,1909f56bfc062723c751e8b465ee728b)
Start importing Assets/MixedRealityToolkit.Generated/ProjectPreferences.asset using Guid(8de1cc0eb3f34ad4084d25c46e43f439) Importer(815301076,1909f56bfc062723c751e8b465ee728b)  -> (artifact id: '3fd6abac389625cdd7b9f1463fb8a248') in 0.005379 seconds 
========================================================================
Received Import Request.
  Time since last request: 0.199041 seconds.
  path: Assets/MRTK.Tutorials.GettingStarted/Models/Hello_World.fbx
  artifactKey: Guid(a06ec87708c8671438628592ef920391) Importer(815301076,1909f56bfc062723c751e8b465ee728b)
Start importing Assets/MRTK.Tutorials.GettingStarted/Models/Hello_World.fbx using Guid(a06ec87708c8671438628592ef920391) Importer(815301076,1909f56bfc062723c751e8b465ee728b)  -> (artifact id: 'ce04d75265a08b0d7b72c83d1db98ad6') in 0.079403 seconds 
========================================================================
Received Import Request.
  Time since last request: 0.000282 seconds.
  path: Assets/XR/Loaders/Open XR Loader.asset
  artifactKey: Guid(d3549c7a85d66a5449fb6bebdbcd8f81) Importer(815301076,1909f56bfc062723c751e8b465ee728b)
Start importing Assets/XR/Loaders/Open XR Loader.asset using Guid(d3549c7a85d66a5449fb6bebdbcd8f81) Importer(815301076,1909f56bfc062723c751e8b465ee728b)  -> (artifact id: '36749bfd9d5e3c6740bf31c8c8ef8a9c') in 0.004948 seconds 
========================================================================
Received Import Request.
  Time since last request: 0.000262 seconds.
  path: Assets/MRTK.Tutorials.GettingStarted/Materials/MRTK_Examples_Table.mat
  artifactKey: Guid(8c8990988051a6541b4f093a93ed6f41) Importer(815301076,1909f56bfc062723c751e8b465ee728b)
Start importing Assets/MRTK.Tutorials.GettingStarted/Materials/MRTK_Examples_Table.mat using Guid(8c8990988051a6541b4f093a93ed6f41) Importer(815301076,1909f56bfc062723c751e8b465ee728b)  -> (artifact id: 'ec1e6ad0634ca99c86e5e539a2b6340e') in 0.012450 seconds 
========================================================================
Received Import Request.
  Time since last request: 0.000250 seconds.
  path: Assets/XR/Settings/OpenXR Editor Settings.asset
  artifactKey: Guid(359149689e150d94180588fb4b7ea9a7) Importer(815301076,1909f56bfc062723c751e8b465ee728b)
Start importing Assets/XR/Settings/OpenXR Editor Settings.asset using Guid(359149689e150d94180588fb4b7ea9a7) Importer(815301076,1909f56bfc062723c751e8b465ee728b)  -> (artifact id: '9f3566745da9faed167cfb86d1effccd') in 0.004578 seconds 
========================================================================
Received Import Request.
  Time since last request: 0.000295 seconds.
  path: Assets/XR/Loaders/Open XR Loader No Pre Init.asset
  artifactKey: Guid(148e7f803222664448c82a506fc22a14) Importer(815301076,1909f56bfc062723c751e8b465ee728b)
Start importing Assets/XR/Loaders/Open XR Loader No Pre Init.asset using Guid(148e7f803222664448c82a506fc22a14) Importer(815301076,1909f56bfc062723c751e8b465ee728b)  -> (artifact id: '9ab9cdc6aad8d1c2eb3236745d2526ab') in 0.004973 seconds 
========================================================================
Received Import Request.
  Time since last request: 0.124887 seconds.
  path: Assets/MRTK.Tutorials.GettingStarted/Models/Model_PushButton.fbx
  artifactKey: Guid(5308c0eb5c6ed4647b3797671dc2e5f3) Importer(815301076,1909f56bfc062723c751e8b465ee728b)
Start importing Assets/MRTK.Tutorials.GettingStarted/Models/Model_PushButton.fbx using Guid(5308c0eb5c6ed4647b3797671dc2e5f3) Importer(815301076,1909f56bfc062723c751e8b465ee728b)  -> (artifact id: '37c0554b69d3b43497454c35decb7fcb') in 0.027216 seconds 
========================================================================
Received Import Request.
  Time since last request: 0.924986 seconds.
  path: Assets/MRTK.Tutorials.GettingStarted/Models/Chevron.fbx
  artifactKey: Guid(26b463364a211e146ba31bc5ea3f7e21) Importer(815301076,1909f56bfc062723c751e8b465ee728b)
Start importing Assets/MRTK.Tutorials.GettingStarted/Models/Chevron.fbx using Guid(26b463364a211e146ba31bc5ea3f7e21) Importer(815301076,1909f56bfc062723c751e8b465ee728b)  -> (artifact id: 'd5a86a18de808249b3d98d9caffae478') in 0.019319 seconds 
========================================================================
Received Prepare
Registering precompiled user dll's ...
Registered in 0.003259 seconds.
Begin MonoManager ReloadAssembly
Native extension for WindowsStandalone target not found
Native extension for OSXStandalone target not found
Refreshing native plugins compatible for Editor in 0.79 ms, found 10 plugins.
Preloading 0 native plugins for Editor in 0.00 ms.
Error when attempting to update scene info fields. Scene info data may be stale.
UnityEngine.StackTraceUtility:ExtractStackTrace ()
UnityEngine.DebugLogHandler:LogFormat (UnityEngine.LogType,UnityEngine.Object,string,object[])
UnityEngine.Logger:Log (UnityEngine.LogType,object)
UnityEngine.Debug:LogWarning (object)
Microsoft.MixedReality.Toolkit.Editor.SceneInfoUtils:RefreshSceneInfoFieldsInScriptableObjects () (at Library/PackageCache/com.microsoft.mixedreality.toolkit.foundation@3bad99c89252/Core/Inspectors/PropertyDrawers/SceneInfoUtils.cs:313)
Microsoft.MixedReality.Toolkit.Editor.SceneInfoUtils:InitializeOnLoad () (at Library/PackageCache/com.microsoft.mixedreality.toolkit.foundation@3bad99c89252/Core/Inspectors/PropertyDrawers/SceneInfoUtils.cs:231)
System.Reflection.MonoMethod:Invoke (object,System.Reflection.BindingFlags,System.Reflection.Binder,object[],System.Globalization.CultureInfo)
System.Reflection.MethodBase:Invoke (object,object[])
UnityEditor.EditorAssemblies:ProcessInitializeOnLoadMethodAttributes ()

(Filename: Library/PackageCache/com.microsoft.mixedreality.toolkit.foundation@3bad99c89252/Core/Inspectors/PropertyDrawers/SceneInfoUtils.cs Line: 313)

Mono: successfully reloaded assembly
- Completed reload, in  1.269 seconds
Domain Reload Profiling:
	ReloadAssembly (1270ms)
		BeginReloadAssembly (101ms)
			ExecutionOrderSort (0ms)
			DisableScriptedObjects (3ms)
			BackupInstance (0ms)
			ReleaseScriptingObjects (0ms)
			CreateAndSetChildDomain (35ms)
		EndReloadAssembly (1123ms)
			LoadAssemblies (81ms)
			RebuildTransferFunctionScriptingTraits (0ms)
			SetupTypeCache (233ms)
			ReleaseScriptCaches (1ms)
			RebuildScriptCaches (31ms)
			SetupLoadedEditorAssemblies (672ms)
				LogAssemblyErrors (0ms)
				InitializePlatformSupportModulesInManaged (4ms)
				SetLoadedEditorAssemblies (0ms)
				RefreshPlugins (1ms)
				BeforeProcessingInitializeOnLoad (73ms)
				ProcessInitializeOnLoadAttributes (482ms)
				ProcessInitializeOnLoadMethodAttributes (107ms)
				AfterProcessingInitializeOnLoad (5ms)
				EditorAssembliesLoaded (0ms)
			ExecutionOrderSort2 (0ms)
			AwakeInstancesAfterBackupRestoration (7ms)
Platform modules already initialized, skipping
Switching build target platform(19) subTarget(0) extendedPlatform(0) -> platform(21) subTarget(3) extendedPlatform(0)
Refreshing native plugins compatible for Editor in 0.75 ms, found 10 plugins.
Preloading 0 native plugins for Editor in 0.00 ms.
Unloading 3520 Unused Serialized files (Serialized files now loaded: 0)
System memory in use before: 140.2 MB.
System memory in use after: 140.5 MB.

Unloading 78 unused Assets to reduce memory usage. Loaded Objects now: 4069.
Total: 2.954800 ms (FindLiveObjects: 0.212400 ms CreateObjectMapping: 0.117800 ms MarkObjects: 2.502700 ms  DeleteObjects: 0.120800 ms)

AssetImportParameters requested are different than current active one (requested -> active):
  custom:framework-win-MediaFoundation: 216162199b28c13a410421893ffa2e32 -> 
  custom:video-decoder-ogg-theora: a1e56fd34408186e4bbccfd4996cb3dc -> 
  custom:container-muxer-webm: aa71ff27fc2769a1b78a27578f13a17b -> 
  custom:container-demuxer-webm: 4f35f7cbe854078d1ac9338744f61a02 -> 
  custom:container-demuxer-ogg: 62fdf1f143b41e24485cea50d1cbac27 -> 
  custom:video-encoder-webm-vp8: eb34c28f22e8b96e1ab97ce403110664 -> 
  custom:video-codec-MediaFoundation-h265: 746d11721c4dcdbdad8f713fa42b33f4 -> 
  custom:video-decoder-webm-vp8: 9c59270c3fd7afecdb556c50c9e8de78 -> 
  custom:audio-decoder-ogg-vorbis: bf7c407c2cedff20999df2af8eb42d56 -> 
  custom:audio-encoder-webm-vorbis: bf7c407c2cedff20999df2af8eb42d56 -> 
AssetImportWorkerClient::OnTransportError - code=2 error=End of file
